INFO:werkzeug:[31m[1mWARNING: This is a development server. Do not use it in a production deployment. Use a production WSGI server instead.[0m
 * Running on http://127.0.0.1:5000
INFO:werkzeug:[33mPress CTRL+C to quit[0m
INFO:werkzeug: * Restarting with stat
WARNING:werkzeug: * Debugger is active!
INFO:werkzeug: * Debugger PIN: 134-963-173
INFO:werkzeug:127.0.0.1 - - [13/Oct/2023 15:30:41] "GET / HTTP/1.1" 200 -
INFO:werkzeug:127.0.0.1 - - [13/Oct/2023 15:30:41] "[33mGET /favicon.ico HTTP/1.1[0m" 404 -
ERROR:root:No data found for application number MUA220618017518
ERROR:root:No data found for application number MUA220618017518
ERROR:root:No data found for application number MUA220618017518
ERROR:root:No data found for application number MUA220618017518
ERROR:root:No data found for application number MUA220618017518
ERROR:root:No data found for application number MUA220618017518
ERROR:root:No data found for application number MUA220618017518
ERROR:root:No data found for application number MUA220618017518
ERROR:root:No data found for application number MUA220618017518
ERROR:root:No data found for application number MUA220618017518
ERROR:root:No data found for application number MUA220618017518
ERROR:root:No data found for application number MUA220618017518
ERROR:root:No data found for application number MUA220618017518
ERROR:root:No data found for application number MUA220618017518
ERROR:root:No data found for application number MUA220618017518
ERROR:root:No data found for application number MUA220618017518
ERROR:root:No data found for application number MUA220618017518
ERROR:root:No data found for application number MUA220618017518
ERROR:root:No data found for application number MUA220618017518
ERROR:root:No data found for application number MUA220618017518
ERROR:root:No data found for application number MUA220618017518
ERROR:root:No data found for application number MUA220618017518
ERROR:root:No data found for application number MUA220618017518
ERROR:root:No data found for application number MUA220618017518
ERROR:root:No data found for application number MUA220618017518
ERROR:root:No data found for application number MUA220618017518
ERROR:root:No data found for application number MUA220618017518
ERROR:root:No data found for application number MUA220618017518
ERROR:root:No data found for application number MUA220618017518
ERROR:root:No data found for application number MUA220618017518
ERROR:root:No data found for application number MUA220618017518
ERROR:root:No data found for application number MUA220618017518
ERROR:root:No data found for application number MUA220618017518
ERROR:root:No data found for application number MUA220618017518
ERROR:root:No data found for application number MUA220618017518
ERROR:root:No data found for application number MUA220618017518
ERROR:root:No data found for application number MUA220618017518
ERROR:root:No data found for application number MUA220618017518
ERROR:root:No data found for application number MUA220618017518
ERROR:root:No data found for application number MUA220618017518
ERROR:root:No data found for application number MUA220618017518
ERROR:root:No data found for application number MUA220618017518
ERROR:root:No data found for application number MUA220618017518
ERROR:root:No data found for application number MUA220618017518
ERROR:root:No data found for application number MUA220618017518
ERROR:root:No data found for application number MUA220618017518
ERROR:root:No data found for application number MUA220618017518
ERROR:root:No data found for application number MUA220618017518
ERROR:root:No data found for application number MUA220618017518
ERROR:root:No data found for application number MUA220618017518
ERROR:root:No data found for application number MUA220618017518
ERROR:root:No data found for application number MUA220618017518
ERROR:root:No data found for application number MUA220627091144
ERROR:root:No data found for application number MUA220627091144
ERROR:root:No data found for application number MUA220627091144
ERROR:root:No data found for application number MUA220627091144
ERROR:root:No data found for application number MUA220627091144
ERROR:root:No data found for application number MUA220627091144
ERROR:root:No data found for application number MUA220627091144
ERROR:root:No data found for application number MUA220627091144
ERROR:root:No data found for application number MUA220627091144
ERROR:root:No data found for application number MUA220627091144
ERROR:root:No data found for application number MUA220627091144
ERROR:root:No data found for application number MUA220627091144
ERROR:root:No data found for application number MUA220627091144
ERROR:root:No data found for application number MUA220627091144
ERROR:root:No data found for application number MUA220627091144
ERROR:root:No data found for application number MUA220627091144
ERROR:root:No data found for application number MUA220627091144
ERROR:root:No data found for application number MUA220627091144
ERROR:root:No data found for application number MUA220627091144
ERROR:root:No data found for application number MUA220627091144
ERROR:root:No data found for application number MUA220627091144
ERROR:root:No data found for application number MUA220627091144
ERROR:root:No data found for application number MUA220627091144
ERROR:root:No data found for application number MUA220627091144
ERROR:root:No data found for application number MUA220627091144
ERROR:root:No data found for application number MUA220627091144
ERROR:root:No data found for application number MUA220627091144
ERROR:root:No data found for application number MUA220627091144
ERROR:root:No data found for application number MUA220627091144
ERROR:root:No data found for application number MUA220627091144
ERROR:root:No data found for application number MUA220627091144
ERROR:root:No data found for application number MUA220627091144
ERROR:root:No data found for application number MUA220627091144
ERROR:root:No data found for application number MUA220627091144
ERROR:root:No data found for application number MUA220627091144
ERROR:root:No data found for application number MUA220627091144
ERROR:root:No data found for application number MUA220627091144
ERROR:root:No data found for application number MUA220627091144
ERROR:root:No data found for application number MUA220627091144
ERROR:root:No data found for application number MUA220627091144
ERROR:root:No data found for application number MUA220627091144
ERROR:root:No data found for application number MUA220627091144
ERROR:root:No data found for application number MUA220627091144
ERROR:root:No data found for application number MUA220627091144
ERROR:root:No data found for application number MUA220627091144
ERROR:root:No data found for application number MUA220627091144
ERROR:root:No data found for application number MUA220627091144
ERROR:root:No data found for application number MUA220627091144
ERROR:root:No data found for application number MUA220627091144
ERROR:root:No data found for application number MUA220627091144
ERROR:root:No data found for application number MUA220627091144
ERROR:root:No data found for application number MUA220627091144
ERROR:root:No data found for application number MUT220726010412
ERROR:root:No data found for application number MUT220726010412
ERROR:root:No data found for application number MUT220726010412
ERROR:root:No data found for application number MUT220726010412
ERROR:root:No data found for application number MUT220726010412
ERROR:root:No data found for application number MUT220726010412
ERROR:root:No data found for application number MUT220726010412
ERROR:root:No data found for application number MUT220726010412
ERROR:root:No data found for application number MUT220726010412
ERROR:root:No data found for application number MUT220726010412
ERROR:root:No data found for application number MUT220726010412
ERROR:root:No data found for application number MUT220726010412
ERROR:root:No data found for application number MUT220726010412
ERROR:root:No data found for application number MUT220726010412
ERROR:root:No data found for application number MUT220726010412
ERROR:root:No data found for application number MUT220726010412
ERROR:root:No data found for application number MUT220726010412
ERROR:root:No data found for application number MUT220726010412
ERROR:root:No data found for application number MUT220726010412
ERROR:root:No data found for application number MUT220726010412
ERROR:root:No data found for application number MUT220726010412
ERROR:root:No data found for application number MUT220726010412
ERROR:root:No data found for application number MUT220726010412
ERROR:root:No data found for application number MUT220726010412
ERROR:root:No data found for application number MUT220726010412
ERROR:root:No data found for application number MUT220726010412
ERROR:root:No data found for application number MUT221124057668
ERROR:root:No data found for application number MUT221124057668
ERROR:root:No data found for application number MUT221124057668
ERROR:root:No data found for application number MUT221124057668
ERROR:root:No data found for application number MUT221124057668
ERROR:root:No data found for application number MUT221124057668
ERROR:root:No data found for application number MUT221124057668
ERROR:root:No data found for application number MUT221124057668
ERROR:root:No data found for application number MUT221124057668
ERROR:root:No data found for application number MUT221124057668
ERROR:root:No data found for application number MUT221124057668
ERROR:root:No data found for application number MUT221124057668
ERROR:root:No data found for application number MUT221124057668
ERROR:root:No data found for application number MUT221124057668
ERROR:root:No data found for application number MUT221124057668
ERROR:root:No data found for application number MUT221124057668
ERROR:root:No data found for application number MUT221124057668
ERROR:root:No data found for application number MUT221124057668
ERROR:root:No data found for application number MUT221124057668
ERROR:root:No data found for application number MUT221124057668
ERROR:root:No data found for application number MUT221124057668
ERROR:root:No data found for application number MUT221124057668
ERROR:root:No data found for application number MUT221124057668
ERROR:root:No data found for application number MUT221124057668
ERROR:root:No data found for application number MUT221124057668
ERROR:root:No data found for application number MUT221124057668
ERROR:root:No data found for application number MUT221124057668
ERROR:root:No data found for application number MUT221124057668
ERROR:root:No data found for application number MUT221124057668
ERROR:root:No data found for application number MUT221124057668
ERROR:root:No data found for application number MUT221124057668
ERROR:root:No data found for application number MUT221124057668
ERROR:root:No data found for application number MUT221124057668
ERROR:root:No data found for application number MUT221124057668
ERROR:root:No data found for application number MUT221124057668
ERROR:root:No data found for application number MUT221124057668
ERROR:root:No data found for application number MUT221124057668
ERROR:root:No data found for application number MUT221124057668
ERROR:root:No data found for application number MUT221124057668
ERROR:root:No data found for application number MUT221124057668
ERROR:root:No data found for application number MUT221124057668
ERROR:root:No data found for application number MUT221124057668
ERROR:root:No data found for application number MUT221124057668
ERROR:root:No data found for application number MUT221124057668
ERROR:root:No data found for application number MUT221124057668
ERROR:root:No data found for application number MUT221124057668
ERROR:root:No data found for application number MUT221220084598
ERROR:root:No data found for application number MUT221220084598
ERROR:root:No data found for application number MUT221220084598
ERROR:root:No data found for application number MUT221220084598
ERROR:root:No data found for application number MUT221220084598
ERROR:root:No data found for application number MUT221220084598
ERROR:root:No data found for application number MUT221220084598
ERROR:root:No data found for application number MUT221220084598
ERROR:root:No data found for application number MUT221220084598
ERROR:root:No data found for application number MUT221220084598
ERROR:root:No data found for application number MUT221220084598
ERROR:root:No data found for application number MUT221220084598
ERROR:root:No data found for application number MUT221220084598
ERROR:root:No data found for application number MUT221220084598
ERROR:root:No data found for application number MUT221220084598
ERROR:root:No data found for application number MUT221220084598
ERROR:root:No data found for application number MUT221220084598
ERROR:root:No data found for application number MUT221220084598
ERROR:root:No data found for application number MUT221220084598
ERROR:root:No data found for application number MUT221220084598
ERROR:root:No data found for application number MUT221220084598
ERROR:root:No data found for application number MUT221220084598
ERROR:root:No data found for application number MUT221220084598
ERROR:root:No data found for application number MUT221220084598
ERROR:root:No data found for application number MUT221220084598
ERROR:root:No data found for application number MUT221220084598
ERROR:root:No data found for application number MUT221220084598
ERROR:root:No data found for application number MUT221220084598
ERROR:root:No data found for application number MUT221220084598
ERROR:root:No data found for application number MUT221220084598
ERROR:root:No data found for application number MUT221220084598
ERROR:root:No data found for application number MUT221220084598
ERROR:root:No data found for application number MUT221220084598
ERROR:root:No data found for application number MUT221220084598
ERROR:root:No data found for application number MUT221220084598
ERROR:root:No data found for application number MUT221220084598
ERROR:root:No data found for application number MUT221220084598
ERROR:root:No data found for application number MUT221220084598
ERROR:root:No data found for application number MUT221220084598
ERROR:root:No data found for application number MUT221220084598
ERROR:root:No data found for application number MUT221220084598
ERROR:root:No data found for application number MUT221220084598
ERROR:root:No data found for application number MUT221220084598
ERROR:root:No data found for application number MUT221220084598
ERROR:root:No data found for application number MUT221220084598
ERROR:root:No data found for application number MUT221220084598
ERROR:root:No data found for application number MUT221220085637
ERROR:root:No data found for application number MUT221220085637
ERROR:root:No data found for application number MUT221220085637
ERROR:root:No data found for application number MUT221220085637
ERROR:root:No data found for application number MUT221220085637
ERROR:root:No data found for application number MUT221220085637
ERROR:root:No data found for application number MUT221220085637
ERROR:root:No data found for application number MUT221220085637
ERROR:root:No data found for application number MUT221220085637
ERROR:root:No data found for application number MUT221220085637
ERROR:root:No data found for application number MUT221220085637
ERROR:root:No data found for application number MUT221220085637
ERROR:root:No data found for application number MUT221220085637
ERROR:root:No data found for application number MUT221220085637
ERROR:root:No data found for application number MUT221220085637
ERROR:root:No data found for application number MUT221220085637
ERROR:root:No data found for application number MUT221220085637
ERROR:root:No data found for application number MUT221220085637
ERROR:root:No data found for application number MUT221220085637
ERROR:root:No data found for application number MUT221220085637
ERROR:root:No data found for application number MUT221220085637
ERROR:root:No data found for application number MUT221220085637
ERROR:root:No data found for application number MUT221220085637
ERROR:root:No data found for application number MUT221220085637
ERROR:root:No data found for application number MUT221220085637
ERROR:root:No data found for application number MUT221220085637
ERROR:root:No data found for application number MUT221220085637
ERROR:root:No data found for application number MUT221220085637
ERROR:root:No data found for application number MUT221220085637
ERROR:root:No data found for application number MUT221220085637
ERROR:root:No data found for application number MUT221220085637
ERROR:root:No data found for application number MUT221220085637
ERROR:root:No data found for application number MUT221220085637
ERROR:root:No data found for application number MUT221220085637
ERROR:root:No data found for application number MUT221220085637
ERROR:root:No data found for application number MUT221220085637
ERROR:root:No data found for application number MUT221220085637
ERROR:root:No data found for application number MUT221220085637
ERROR:root:No data found for application number MUT221220085637
ERROR:root:No data found for application number MUT221220085637
ERROR:root:No data found for application number MUT221220085637
ERROR:root:No data found for application number MUT221220085637
ERROR:root:No data found for application number MUT221220085637
ERROR:root:No data found for application number MUT221220085637
ERROR:root:No data found for application number MUT221220085637
ERROR:root:No data found for application number MUT221220085637
ERROR:root:No data found for application number MUT221229046262
ERROR:root:No data found for application number MUT221229046262
ERROR:root:No data found for application number MUT221229046262
ERROR:root:No data found for application number MUT221229046262
ERROR:root:No data found for application number MUT221229046262
ERROR:root:No data found for application number MUT221229046262
ERROR:root:No data found for application number MUT221229046262
ERROR:root:No data found for application number MUT221229046262
ERROR:root:No data found for application number MUT221229046262
ERROR:root:No data found for application number MUT221229046262
ERROR:root:No data found for application number MUT221229046262
ERROR:root:No data found for application number MUT221229046262
ERROR:root:No data found for application number MUT221229046262
ERROR:root:No data found for application number MUT221229046262
ERROR:root:No data found for application number MUT221229046262
ERROR:root:No data found for application number MUT221229046262
ERROR:root:No data found for application number MUT221229046262
ERROR:root:No data found for application number MUT221229046262
ERROR:root:No data found for application number MUT221229046262
ERROR:root:No data found for application number MUT221229046262
ERROR:root:No data found for application number MUT221229046262
ERROR:root:No data found for application number MUT221229046262
ERROR:root:No data found for application number MUT221229046262
ERROR:root:No data found for application number MUT221229046262
ERROR:root:No data found for application number MUT221229046262
ERROR:root:No data found for application number MUT221229046262
ERROR:root:No data found for application number MUT221229046262
ERROR:root:No data found for application number MUT221229046262
ERROR:root:No data found for application number MUT221229046262
ERROR:root:No data found for application number MUT221229046262
ERROR:root:No data found for application number MUT221229046262
ERROR:root:No data found for application number MUT221229046262
ERROR:root:No data found for application number MUT221229046262
ERROR:root:No data found for application number MUT221229046262
ERROR:root:No data found for application number MUT221229046262
ERROR:root:No data found for application number MUT221229046262
ERROR:root:No data found for application number MUT221229046262
ERROR:root:No data found for application number MUT221229046262
ERROR:root:No data found for application number MUT221229046262
ERROR:root:No data found for application number MUT221229046262
ERROR:root:No data found for application number MUT221229046262
ERROR:root:No data found for application number MUT221229046262
ERROR:root:No data found for application number MUT221229046262
ERROR:root:No data found for application number MUT221229046262
ERROR:root:No data found for application number MUT221229046262
ERROR:root:No data found for application number MUT221229046262
ERROR:root:No data found for application number MUT221229046262
ERROR:root:No data found for application number MUT221229046262
ERROR:root:No data found for application number MUT221229046262
ERROR:root:No data found for application number MUT221229046262
ERROR:root:No data found for application number MUT230207068288
ERROR:root:No data found for application number MUT230207068288
ERROR:root:No data found for application number MUT230207068288
ERROR:root:No data found for application number MUT230207068288
ERROR:root:No data found for application number MUT230207068288
ERROR:root:No data found for application number MUT230207068288
ERROR:root:No data found for application number MUT230207068288
ERROR:root:No data found for application number MUT230207068288
ERROR:root:No data found for application number MUT230207068288
ERROR:root:No data found for application number MUT230207068288
ERROR:root:No data found for application number MUT230207068288
ERROR:root:No data found for application number MUT230207068288
ERROR:root:No data found for application number MUT230207068288
ERROR:root:No data found for application number MUT230207068288
ERROR:root:No data found for application number MUT230207068288
ERROR:root:No data found for application number MUT230207068288
ERROR:root:No data found for application number MUT230207068288
ERROR:root:No data found for application number MUT230207068288
ERROR:root:No data found for application number MUT230207068288
ERROR:root:No data found for application number MUT230207068288
ERROR:root:No data found for application number MUT230207068288
ERROR:root:No data found for application number MUT230207068288
ERROR:root:No data found for application number MUT230207068288
ERROR:root:No data found for application number MUT230207068288
ERROR:root:No data found for application number MUT230207068288
ERROR:root:No data found for application number MUT230207068288
ERROR:root:No data found for application number MUT230207068288
ERROR:root:No data found for application number MUT230207068288
ERROR:root:No data found for application number MUT230207068288
ERROR:root:No data found for application number MUT230207068288
ERROR:root:No data found for application number MUT230207068288
ERROR:root:No data found for application number MUT230207068288
ERROR:root:No data found for application number MUT230207068288
ERROR:root:No data found for application number MUT230207068288
ERROR:root:No data found for application number MUT230207068288
ERROR:root:No data found for application number MUT230207068288
ERROR:root:No data found for application number MUT230207068288
ERROR:root:No data found for application number MUT230207068288
ERROR:root:No data found for application number MUT230207068288
ERROR:root:No data found for application number MUT230207068288
ERROR:root:No data found for application number MUT230207068288
ERROR:root:No data found for application number MUT230207068288
ERROR:root:No data found for application number MUT230207068288
ERROR:root:No data found for application number MUT230207068288
ERROR:root:No data found for application number MUT230207068288
ERROR:root:No data found for application number MUT230207068288
ERROR:root:No data found for application number MUT230207068288
ERROR:root:No data found for application number MUT230207068288
ERROR:root:No data found for application number MUT230207068288
ERROR:root:No data found for application number MUT230207069715
ERROR:root:No data found for application number MUT230207069715
ERROR:root:No data found for application number MUT230207069715
ERROR:root:No data found for application number MUT230207069715
ERROR:root:No data found for application number MUT230207069715
ERROR:root:No data found for application number MUT230207069715
ERROR:root:No data found for application number MUT230207069715
ERROR:root:No data found for application number MUT230207069715
ERROR:root:No data found for application number MUT230207069715
ERROR:root:No data found for application number MUT230207069715
ERROR:root:No data found for application number MUT230207069715
ERROR:root:No data found for application number MUT230207069715
ERROR:root:No data found for application number MUT230207069715
ERROR:root:No data found for application number MUT230207069715
ERROR:root:No data found for application number MUT230207069715
ERROR:root:No data found for application number MUT230207069715
ERROR:root:No data found for application number MUT230207069715
ERROR:root:No data found for application number MUT230207069715
ERROR:root:No data found for application number MUT230207069715
ERROR:root:No data found for application number MUT230207069715
ERROR:root:No data found for application number MUT230207069715
ERROR:root:No data found for application number MUT230207069715
ERROR:root:No data found for application number MUT230207069715
ERROR:root:No data found for application number MUT230207069715
ERROR:root:No data found for application number MUT230207069715
ERROR:root:No data found for application number MUT230207069715
ERROR:root:No data found for application number MUT230207069715
ERROR:root:No data found for application number MUT230207069715
ERROR:root:No data found for application number MUT230207069715
ERROR:root:No data found for application number MUT230207069715
ERROR:root:No data found for application number MUT230207069715
ERROR:root:No data found for application number MUT230207069715
ERROR:root:No data found for application number MUT230207069715
ERROR:root:No data found for application number MUT230207069715
ERROR:root:No data found for application number MUT230207069715
ERROR:root:No data found for application number MUT230207069715
ERROR:root:No data found for application number MUT230207069715
ERROR:root:No data found for application number MUT230207069715
ERROR:root:No data found for application number MUT230207069715
ERROR:root:No data found for application number MUT230207069715
ERROR:root:No data found for application number MUT230207069715
ERROR:root:No data found for application number MUT230207069715
ERROR:root:No data found for application number MUT230207069715
ERROR:root:No data found for application number MUT230207069715
ERROR:root:No data found for application number MUT230207069715
ERROR:root:No data found for application number MUT230207069715
ERROR:root:No data found for application number MUT230207069715
ERROR:root:No data found for application number MUT230207069715
ERROR:root:No data found for application number MUT230207069715
ERROR:root:No data found for application number MUT230209003247
ERROR:root:No data found for application number MUT230209003247
ERROR:root:No data found for application number MUT230209003247
ERROR:root:No data found for application number MUT230209003247
ERROR:root:No data found for application number MUT230209003247
ERROR:root:No data found for application number MUT230209003247
ERROR:root:No data found for application number MUT230209003247
ERROR:root:No data found for application number MUT230209003247
ERROR:root:No data found for application number MUT230209003247
ERROR:root:No data found for application number MUT230209003247
ERROR:root:No data found for application number MUT230209003247
ERROR:root:No data found for application number MUT230209003247
ERROR:root:No data found for application number MUT230209003247
ERROR:root:No data found for application number MUT230209003247
ERROR:root:No data found for application number MUT230209003247
ERROR:root:No data found for application number MUT230209003247
ERROR:root:No data found for application number MUT230209003247
ERROR:root:No data found for application number MUT230209003247
ERROR:root:No data found for application number MUT230209003247
ERROR:root:No data found for application number MUT230209003247
ERROR:root:No data found for application number MUT230209003247
ERROR:root:No data found for application number MUT230209003247
ERROR:root:No data found for application number MUT230209003247
ERROR:root:No data found for application number MUT230209003247
ERROR:root:No data found for application number MUT230209003247
ERROR:root:No data found for application number MUT230209003247
ERROR:root:No data found for application number MUA230406143179
ERROR:root:No data found for application number MUA230406143179
ERROR:root:No data found for application number MUA230406143179
ERROR:root:No data found for application number MUA230406143179
ERROR:root:No data found for application number MUA230406143179
ERROR:root:No data found for application number MUA230406143179
ERROR:root:No data found for application number MUA230406143179
ERROR:root:No data found for application number MUA230406143179
ERROR:root:No data found for application number MUA230406143179
ERROR:root:No data found for application number MUA230406143179
ERROR:root:No data found for application number MUA230406143179
ERROR:root:No data found for application number MUA230406143179
ERROR:root:No data found for application number MUA230406143179
ERROR:root:No data found for application number MUA230406143179
ERROR:root:No data found for application number MUA230406143179
ERROR:root:No data found for application number MUA230406143179
ERROR:root:No data found for application number MUA230406143179
ERROR:root:No data found for application number MUA230406143179
ERROR:root:No data found for application number MUA230406143179
ERROR:root:No data found for application number MUA230406143179
ERROR:root:No data found for application number MUA230406143179
ERROR:root:No data found for application number MUA230406143179
ERROR:root:No data found for application number MUA230406143179
ERROR:root:No data found for application number MUA230406143179
ERROR:root:No data found for application number MUA230406143179
ERROR:root:No data found for application number MUA230406143179
ERROR:root:No data found for application number MUA230526069049
ERROR:root:No data found for application number MUA230526069049
ERROR:root:No data found for application number MUA230526069049
ERROR:root:No data found for application number MUA230526069049
ERROR:root:No data found for application number MUA230526069049
ERROR:root:No data found for application number MUA230526069049
ERROR:root:No data found for application number MUA230526069049
ERROR:root:No data found for application number MUA230526069049
ERROR:root:No data found for application number MUA230526069049
ERROR:root:No data found for application number MUA230526069049
ERROR:root:No data found for application number MUA230526069049
ERROR:root:No data found for application number MUA230526069049
ERROR:root:No data found for application number MUA230526069049
ERROR:root:No data found for application number MUA230526069049
ERROR:root:No data found for application number MUA230526069049
ERROR:root:No data found for application number MUA230526069049
ERROR:root:No data found for application number MUA230526069049
ERROR:root:No data found for application number MUA230526069049
ERROR:root:No data found for application number MUA230526069049
ERROR:root:No data found for application number MUA230526069049
ERROR:root:No data found for application number MUA230526069049
ERROR:root:No data found for application number MUA230526069049
ERROR:root:No data found for application number MUA230526069049
ERROR:root:No data found for application number MUA230526069049
ERROR:root:No data found for application number MUA230526069049
ERROR:root:No data found for application number MUA230526069049
ERROR:root:No data found for application number MUA230601071211
ERROR:root:No data found for application number MUA230601071211
ERROR:root:No data found for application number MUA230601071211
ERROR:root:No data found for application number MUA230601071211
ERROR:root:No data found for application number MUA230601071211
ERROR:root:No data found for application number MUA230601071211
ERROR:root:No data found for application number MUA230601071211
ERROR:root:No data found for application number MUA230601071211
ERROR:root:No data found for application number MUA230601071211
ERROR:root:No data found for application number MUA230601071211
ERROR:root:No data found for application number MUA230601071211
ERROR:root:No data found for application number MUA230601071211
ERROR:root:No data found for application number MUA230601071211
ERROR:root:No data found for application number MUA230601071211
ERROR:root:No data found for application number MUA230601071211
ERROR:root:No data found for application number MUA230601071211
ERROR:root:No data found for application number MUA230601071211
ERROR:root:No data found for application number MUA230601071211
ERROR:root:No data found for application number MUA230601071211
ERROR:root:No data found for application number MUA230601071211
ERROR:root:No data found for application number MUA230601071211
ERROR:root:No data found for application number MUA230601071211
ERROR:root:No data found for application number MUA230601071211
ERROR:root:No data found for application number MUA230601071211
ERROR:root:No data found for application number MUA230601071211
ERROR:root:No data found for application number MUA230601071211
ERROR:root:No data found for application number MUA230608044170
ERROR:root:No data found for application number MUA230608044170
ERROR:root:No data found for application number MUA230608044170
ERROR:root:No data found for application number MUA230608044170
ERROR:root:No data found for application number MUA230608044170
ERROR:root:No data found for application number MUA230608044170
ERROR:root:No data found for application number MUA230608044170
ERROR:root:No data found for application number MUA230608044170
ERROR:root:No data found for application number MUA230608044170
ERROR:root:No data found for application number MUA230608044170
ERROR:root:No data found for application number MUA230608044170
ERROR:root:No data found for application number MUA230608044170
ERROR:root:No data found for application number MUA230608044170
ERROR:root:No data found for application number MUA230608044170
ERROR:root:No data found for application number MUA230608044170
ERROR:root:No data found for application number MUA230608044170
ERROR:root:No data found for application number MUA230608044170
ERROR:root:No data found for application number MUA230608044170
ERROR:root:No data found for application number MUA230608044170
ERROR:root:No data found for application number MUA230608044170
ERROR:root:No data found for application number MUA230608044170
ERROR:root:No data found for application number MUA230608044170
ERROR:root:No data found for application number MUA230608044170
ERROR:root:No data found for application number MUA230608044170
ERROR:root:No data found for application number MUA230608044170
ERROR:root:No data found for application number MUA230608044170
ERROR:root:No data found for application number MUA230611000618
ERROR:root:No data found for application number MUA230611000618
ERROR:root:No data found for application number MUA230611000618
ERROR:root:No data found for application number MUA230611000618
ERROR:root:No data found for application number MUA230611000618
ERROR:root:No data found for application number MUA230611000618
ERROR:root:No data found for application number MUA230611000618
ERROR:root:No data found for application number MUA230611000618
ERROR:root:No data found for application number MUA230611000618
ERROR:root:No data found for application number MUA230611000618
ERROR:root:No data found for application number MUA230611000618
ERROR:root:No data found for application number MUA230611000618
ERROR:root:No data found for application number MUA230611000618
ERROR:root:No data found for application number MUA230611000618
ERROR:root:No data found for application number MUA230611000618
ERROR:root:No data found for application number MUA230611000618
ERROR:root:No data found for application number MUA230611000618
ERROR:root:No data found for application number MUA230611000618
ERROR:root:No data found for application number MUA230611000618
ERROR:root:No data found for application number MUA230611000618
ERROR:root:No data found for application number MUA230611000618
ERROR:root:No data found for application number MUA230611000618
ERROR:root:No data found for application number MUA230611000618
ERROR:root:No data found for application number MUA230611000618
ERROR:root:No data found for application number MUA230611000618
ERROR:root:No data found for application number MUA230611000618
ERROR:root:No data found for application number MUA230619060566
ERROR:root:No data found for application number MUA230619060566
ERROR:root:No data found for application number MUA230619060566
ERROR:root:No data found for application number MUA230619060566
ERROR:root:No data found for application number MUA230619060566
ERROR:root:No data found for application number MUA230619060566
ERROR:root:No data found for application number MUA230619060566
ERROR:root:No data found for application number MUA230619060566
ERROR:root:No data found for application number MUA230619060566
ERROR:root:No data found for application number MUA230619060566
ERROR:root:No data found for application number MUA230619060566
ERROR:root:No data found for application number MUA230619060566
ERROR:root:No data found for application number MUA230619060566
ERROR:root:No data found for application number MUA230619060566
ERROR:root:No data found for application number MUA230619060566
ERROR:root:No data found for application number MUA230619060566
ERROR:root:No data found for application number MUA230619060566
ERROR:root:No data found for application number MUA230619060566
ERROR:root:No data found for application number MUA230619060566
ERROR:root:No data found for application number MUA230619060566
ERROR:root:No data found for application number MUA230619060566
ERROR:root:No data found for application number MUA230619060566
ERROR:root:No data found for application number MUA230619060566
ERROR:root:No data found for application number MUA230619060566
ERROR:root:No data found for application number MUA230619060566
ERROR:root:No data found for application number MUA230619060566
ERROR:root:No data found for application number MUA230620048039
ERROR:root:No data found for application number MUA230620048039
ERROR:root:No data found for application number MUA230620048039
ERROR:root:No data found for application number MUA230620048039
ERROR:root:No data found for application number MUA230620048039
ERROR:root:No data found for application number MUA230620048039
ERROR:root:No data found for application number MUA230620048039
ERROR:root:No data found for application number MUA230620048039
ERROR:root:No data found for application number MUA230620048039
ERROR:root:No data found for application number MUA230620048039
ERROR:root:No data found for application number MUA230620048039
ERROR:root:No data found for application number MUA230620048039
ERROR:root:No data found for application number MUA230620048039
ERROR:root:No data found for application number MUA230620048039
ERROR:root:No data found for application number MUA230620048039
ERROR:root:No data found for application number MUA230620048039
ERROR:root:No data found for application number MUA230620048039
ERROR:root:No data found for application number MUA230620048039
ERROR:root:No data found for application number MUA230620048039
ERROR:root:No data found for application number MUA230620048039
ERROR:root:No data found for application number MUA230620048039
ERROR:root:No data found for application number MUA230620048039
ERROR:root:No data found for application number MUA230620048039
ERROR:root:No data found for application number MUA230620048039
ERROR:root:No data found for application number MUA230620048039
ERROR:root:No data found for application number MUA230620048039
ERROR:root:No data found for application number MUT230622016045
ERROR:root:No data found for application number MUT230622016045
ERROR:root:No data found for application number MUT230622016045
ERROR:root:No data found for application number MUT230622016045
ERROR:root:No data found for application number MUT230622016045
ERROR:root:No data found for application number MUT230622016045
ERROR:root:No data found for application number MUT230622016045
ERROR:root:No data found for application number MUT230622016045
ERROR:root:No data found for application number MUT230622016045
ERROR:root:No data found for application number MUT230622016045
ERROR:root:No data found for application number MUT230622016045
ERROR:root:No data found for application number MUT230622016045
ERROR:root:No data found for application number MUT230622016045
ERROR:root:No data found for application number MUT230622016045
ERROR:root:No data found for application number MUT230622016045
ERROR:root:No data found for application number MUT230622016045
ERROR:root:No data found for application number MUT230622016045
ERROR:root:No data found for application number MUT230622016045
ERROR:root:No data found for application number MUT230622016045
ERROR:root:No data found for application number MUT230622016045
ERROR:root:No data found for application number MUT230622016045
ERROR:root:No data found for application number MUT230622016045
ERROR:root:No data found for application number MUT230622016045
ERROR:root:No data found for application number MUT230622016045
ERROR:root:No data found for application number MUT230622016045
ERROR:root:No data found for application number MUT230622016045
ERROR:root:No data found for application number MUA230628075814
ERROR:root:No data found for application number MUA230628075814
ERROR:root:No data found for application number MUA230628075814
ERROR:root:No data found for application number MUA230628075814
ERROR:root:No data found for application number MUA230628075814
ERROR:root:No data found for application number MUA230628075814
ERROR:root:No data found for application number MUA230628075814
ERROR:root:No data found for application number MUA230628075814
ERROR:root:No data found for application number MUA230628075814
ERROR:root:No data found for application number MUA230628075814
ERROR:root:No data found for application number MUA230628075814
ERROR:root:No data found for application number MUA230628075814
ERROR:root:No data found for application number MUA230628075814
ERROR:root:No data found for application number MUA230628075814
ERROR:root:No data found for application number MUA230628075814
ERROR:root:No data found for application number MUA230628075814
ERROR:root:No data found for application number MUA230628075814
ERROR:root:No data found for application number MUA230628075814
ERROR:root:No data found for application number MUA230628075814
ERROR:root:No data found for application number MUA230628075814
ERROR:root:No data found for application number MUA230628075814
ERROR:root:No data found for application number MUA230628075814
ERROR:root:No data found for application number MUA230628075814
ERROR:root:No data found for application number MUA230628075814
ERROR:root:No data found for application number MUA230628075814
ERROR:root:No data found for application number MUA230628075814
ERROR:root:No data found for application number MUT230622040406
ERROR:root:No data found for application number MUT230622040406
ERROR:root:No data found for application number MUT230622040406
ERROR:root:No data found for application number MUT230622040406
ERROR:root:No data found for application number MUT230622040406
ERROR:root:No data found for application number MUT230622040406
ERROR:root:No data found for application number MUT230622040406
ERROR:root:No data found for application number MUT230622040406
ERROR:root:No data found for application number MUT230622040406
ERROR:root:No data found for application number MUT230622040406
ERROR:root:No data found for application number MUT230622040406
ERROR:root:No data found for application number MUT230622040406
ERROR:root:No data found for application number MUT230622040406
ERROR:root:No data found for application number MUT230622040406
ERROR:root:No data found for application number MUT230622040406
ERROR:root:No data found for application number MUT230622040406
ERROR:root:No data found for application number MUT230622040406
ERROR:root:No data found for application number MUT230622040406
ERROR:root:No data found for application number MUT230622040406
ERROR:root:No data found for application number MUT230622040406
ERROR:root:No data found for application number MUT230622040406
ERROR:root:No data found for application number MUT230622040406
ERROR:root:No data found for application number MUT230622040406
ERROR:root:No data found for application number MUT230622040406
ERROR:root:No data found for application number MUT230622040406
ERROR:root:No data found for application number MUT230622040406
ERROR:root:No data found for application number MUT230622041981
ERROR:root:No data found for application number MUT230622041981
ERROR:root:No data found for application number MUT230622041981
ERROR:root:No data found for application number MUT230622041981
ERROR:root:No data found for application number MUT230622041981
ERROR:root:No data found for application number MUT230622041981
ERROR:root:No data found for application number MUT230622041981
ERROR:root:No data found for application number MUT230622041981
ERROR:root:No data found for application number MUT230622041981
ERROR:root:No data found for application number MUT230622041981
ERROR:root:No data found for application number MUT230622041981
ERROR:root:No data found for application number MUT230622041981
ERROR:root:No data found for application number MUT230622041981
ERROR:root:No data found for application number MUT230622041981
ERROR:root:No data found for application number MUT230622041981
ERROR:root:No data found for application number MUT230622041981
ERROR:root:No data found for application number MUT230622041981
ERROR:root:No data found for application number MUT230622041981
ERROR:root:No data found for application number MUT230622041981
ERROR:root:No data found for application number MUT230622041981
ERROR:root:No data found for application number MUT230622041981
ERROR:root:No data found for application number MUT230622041981
ERROR:root:No data found for application number MUT230622041981
ERROR:root:No data found for application number MUT230622041981
ERROR:root:No data found for application number MUT230622041981
ERROR:root:No data found for application number MUT230622041981
ERROR:root:No data found for application number MUA230706076702
ERROR:root:No data found for application number MUA230706076702
ERROR:root:No data found for application number MUA230706076702
ERROR:root:No data found for application number MUA230706076702
ERROR:root:No data found for application number MUA230706076702
ERROR:root:No data found for application number MUA230706076702
ERROR:root:No data found for application number MUA230706076702
ERROR:root:No data found for application number MUA230706076702
ERROR:root:No data found for application number MUA230706076702
ERROR:root:No data found for application number MUA230706076702
ERROR:root:No data found for application number MUA230706076702
ERROR:root:No data found for application number MUA230706076702
ERROR:root:No data found for application number MUA230706076702
ERROR:root:No data found for application number MUA230706076702
ERROR:root:No data found for application number MUA230706076702
ERROR:root:No data found for application number MUA230706076702
ERROR:root:No data found for application number MUA230706076702
ERROR:root:No data found for application number MUA230706076702
ERROR:root:No data found for application number MUA230706076702
ERROR:root:No data found for application number MUA230706076702
ERROR:root:No data found for application number MUA230706076702
ERROR:root:No data found for application number MUA230706076702
ERROR:root:No data found for application number MUA230706076702
ERROR:root:No data found for application number MUA230706076702
ERROR:root:No data found for application number MUA230706076702
ERROR:root:No data found for application number MUA230706076702
ERROR:root:No data found for application number MUA230707411101
ERROR:root:No data found for application number MUA230707411101
ERROR:root:No data found for application number MUA230707411101
ERROR:root:No data found for application number MUA230707411101
ERROR:root:No data found for application number MUA230707411101
ERROR:root:No data found for application number MUA230707411101
ERROR:root:No data found for application number MUA230707411101
ERROR:root:No data found for application number MUA230707411101
ERROR:root:No data found for application number MUA230707411101
ERROR:root:No data found for application number MUA230707411101
ERROR:root:No data found for application number MUA230707411101
ERROR:root:No data found for application number MUA230707411101
ERROR:root:No data found for application number MUA230707411101
ERROR:root:No data found for application number MUA230707411101
ERROR:root:No data found for application number MUA230707411101
ERROR:root:No data found for application number MUA230707411101
ERROR:root:No data found for application number MUA230707411101
ERROR:root:No data found for application number MUA230707411101
ERROR:root:No data found for application number MUA230707411101
ERROR:root:No data found for application number MUA230707411101
ERROR:root:No data found for application number MUA230707411101
ERROR:root:No data found for application number MUA230707411101
ERROR:root:No data found for application number MUA230707411101
ERROR:root:No data found for application number MUA230707411101
ERROR:root:No data found for application number MUA230707411101
ERROR:root:No data found for application number MUA230707411101
ERROR:root:No data found for application number MUT230714325977
ERROR:root:No data found for application number MUT230714325977
ERROR:root:No data found for application number MUT230714325977
ERROR:root:No data found for application number MUT230714325977
ERROR:root:No data found for application number MUT230714325977
ERROR:root:No data found for application number MUT230714325977
ERROR:root:No data found for application number MUT230714325977
ERROR:root:No data found for application number MUT230714325977
ERROR:root:No data found for application number MUT230714325977
ERROR:root:No data found for application number MUT230714325977
ERROR:root:No data found for application number MUT230714325977
ERROR:root:No data found for application number MUT230714325977
ERROR:root:No data found for application number MUT230714325977
ERROR:root:No data found for application number MUT230714325977
ERROR:root:No data found for application number MUT230714325977
ERROR:root:No data found for application number MUT230714325977
ERROR:root:No data found for application number MUT230714325977
ERROR:root:No data found for application number MUT230714325977
ERROR:root:No data found for application number MUT230714325977
ERROR:root:No data found for application number MUT230714325977
ERROR:root:No data found for application number MUT230714325977
ERROR:root:No data found for application number MUT230714325977
ERROR:root:No data found for application number MUT230714325977
ERROR:root:No data found for application number MUT230714325977
ERROR:root:No data found for application number MUT230714325977
ERROR:root:No data found for application number MUT230714325977
ERROR:root:No data found for application number MUT230715249472
ERROR:root:No data found for application number MUT230715249472
ERROR:root:No data found for application number MUT230715249472
ERROR:root:No data found for application number MUT230715249472
ERROR:root:No data found for application number MUT230715249472
ERROR:root:No data found for application number MUT230715249472
ERROR:root:No data found for application number MUT230715249472
ERROR:root:No data found for application number MUT230715249472
ERROR:root:No data found for application number MUT230715249472
ERROR:root:No data found for application number MUT230715249472
ERROR:root:No data found for application number MUT230715249472
ERROR:root:No data found for application number MUT230715249472
ERROR:root:No data found for application number MUT230715249472
ERROR:root:No data found for application number MUT230715249472
ERROR:root:No data found for application number MUT230715249472
ERROR:root:No data found for application number MUT230715249472
ERROR:root:No data found for application number MUT230715249472
ERROR:root:No data found for application number MUT230715249472
ERROR:root:No data found for application number MUT230715249472
ERROR:root:No data found for application number MUT230715249472
ERROR:root:No data found for application number MUT230715249472
ERROR:root:No data found for application number MUT230715249472
ERROR:root:No data found for application number MUT230715249472
ERROR:root:No data found for application number MUT230715249472
ERROR:root:No data found for application number MUT230715249472
ERROR:root:No data found for application number MUT230715249472
ERROR:root:No data found for application number MUT230718873094
ERROR:root:No data found for application number MUT230718873094
ERROR:root:No data found for application number MUT230718873094
ERROR:root:No data found for application number MUT230718873094
ERROR:root:No data found for application number MUT230718873094
ERROR:root:No data found for application number MUT230718873094
ERROR:root:No data found for application number MUT230718873094
ERROR:root:No data found for application number MUT230718873094
ERROR:root:No data found for application number MUT230718873094
ERROR:root:No data found for application number MUT230718873094
ERROR:root:No data found for application number MUT230718873094
ERROR:root:No data found for application number MUT230718873094
ERROR:root:No data found for application number MUT230718873094
ERROR:root:No data found for application number MUT230718873094
ERROR:root:No data found for application number MUT230718873094
ERROR:root:No data found for application number MUT230718873094
ERROR:root:No data found for application number MUT230718873094
ERROR:root:No data found for application number MUT230718873094
ERROR:root:No data found for application number MUT230718873094
ERROR:root:No data found for application number MUT230718873094
ERROR:root:No data found for application number MUT230718873094
ERROR:root:No data found for application number MUT230718873094
ERROR:root:No data found for application number MUT230718873094
ERROR:root:No data found for application number MUT230718873094
ERROR:root:No data found for application number MUT230718873094
ERROR:root:No data found for application number MUT230718873094
ERROR:root:No data found for application number MUA230801062047
ERROR:root:No data found for application number MUA230801062047
ERROR:root:No data found for application number MUA230801062047
ERROR:root:No data found for application number MUA230801062047
ERROR:root:No data found for application number MUA230801062047
ERROR:root:No data found for application number MUA230801062047
ERROR:root:No data found for application number MUA230801062047
ERROR:root:No data found for application number MUA230801062047
ERROR:root:No data found for application number MUA230801062047
ERROR:root:No data found for application number MUA230801062047
ERROR:root:No data found for application number MUA230801062047
ERROR:root:No data found for application number MUA230801062047
ERROR:root:No data found for application number MUA230801062047
ERROR:root:No data found for application number MUA230801062047
ERROR:root:No data found for application number MUA230801062047
ERROR:root:No data found for application number MUA230801062047
ERROR:root:No data found for application number MUA230801062047
ERROR:root:No data found for application number MUA230801062047
ERROR:root:No data found for application number MUA230801062047
ERROR:root:No data found for application number MUA230801062047
ERROR:root:No data found for application number MUA230801062047
ERROR:root:No data found for application number MUA230801062047
ERROR:root:No data found for application number MUA230801062047
ERROR:root:No data found for application number MUA230801062047
ERROR:root:No data found for application number MUA230801062047
ERROR:root:No data found for application number MUA230801062047
ERROR:root:No data found for application number MUT230727025705
ERROR:root:No data found for application number MUT230727025705
ERROR:root:No data found for application number MUT230727025705
ERROR:root:No data found for application number MUT230727025705
ERROR:root:No data found for application number MUT230727025705
ERROR:root:No data found for application number MUT230727025705
ERROR:root:No data found for application number MUT230727025705
ERROR:root:No data found for application number MUT230727025705
ERROR:root:No data found for application number MUT230727025705
ERROR:root:No data found for application number MUT230727025705
ERROR:root:No data found for application number MUT230727025705
ERROR:root:No data found for application number MUT230727025705
ERROR:root:No data found for application number MUT230727025705
ERROR:root:No data found for application number MUT230727025705
ERROR:root:No data found for application number MUT230727025705
ERROR:root:No data found for application number MUT230727025705
ERROR:root:No data found for application number MUT230727025705
ERROR:root:No data found for application number MUT230727025705
ERROR:root:No data found for application number MUT230727025705
ERROR:root:No data found for application number MUT230727025705
ERROR:root:No data found for application number MUT230727025705
ERROR:root:No data found for application number MUT230727025705
ERROR:root:No data found for application number MUT230727025705
ERROR:root:No data found for application number MUT230727025705
ERROR:root:No data found for application number MUT230727025705
ERROR:root:No data found for application number MUT230727025705
ERROR:root:No data found for application number MUT230727025705
ERROR:root:No data found for application number MUT230727025705
ERROR:root:No data found for application number MUT230727025705
ERROR:root:No data found for application number MUT230727025705
ERROR:root:No data found for application number MUT230727025705
ERROR:root:No data found for application number MUT230727025705
ERROR:root:No data found for application number MUT230727025705
ERROR:root:No data found for application number MUT230727025705
ERROR:root:No data found for application number MUT230727025705
ERROR:root:No data found for application number MUT230727025705
ERROR:root:No data found for application number MUT230727025705
ERROR:root:No data found for application number MUT230727025705
ERROR:root:No data found for application number MUT230727025705
ERROR:root:No data found for application number MUT230727025705
ERROR:root:No data found for application number MUT230727025705
ERROR:root:No data found for application number MUT230727025705
ERROR:root:No data found for application number MUT230727025705
ERROR:root:No data found for application number MUT230727025705
ERROR:root:No data found for application number MUT230727025705
ERROR:root:No data found for application number MUT230727025705
ERROR:root:No data found for application number MUT230727025705
ERROR:root:No data found for application number MUT230727025705
ERROR:root:No data found for application number MUT230727025705
ERROR:root:No data found for application number MUT230727025705
ERROR:root:No data found for application number MUT230727025705
ERROR:root:No data found for application number MUT230727025705
ERROR:root:No data found for application number MUT230727129634
ERROR:root:No data found for application number MUT230727129634
ERROR:root:No data found for application number MUT230727129634
ERROR:root:No data found for application number MUT230727129634
ERROR:root:No data found for application number MUT230727129634
ERROR:root:No data found for application number MUT230727129634
ERROR:root:No data found for application number MUT230727129634
ERROR:root:No data found for application number MUT230727129634
ERROR:root:No data found for application number MUT230727129634
ERROR:root:No data found for application number MUT230727129634
ERROR:root:No data found for application number MUT230727129634
ERROR:root:No data found for application number MUT230727129634
ERROR:root:No data found for application number MUT230727129634
ERROR:root:No data found for application number MUT230727129634
ERROR:root:No data found for application number MUT230727129634
ERROR:root:No data found for application number MUT230727129634
ERROR:root:No data found for application number MUT230727129634
ERROR:root:No data found for application number MUT230727129634
ERROR:root:No data found for application number MUT230727129634
ERROR:root:No data found for application number MUT230727129634
ERROR:root:No data found for application number MUT230727129634
ERROR:root:No data found for application number MUT230727129634
ERROR:root:No data found for application number MUT230727129634
ERROR:root:No data found for application number MUT230727129634
ERROR:root:No data found for application number MUT230727129634
ERROR:root:No data found for application number MUT230727129634
ERROR:root:No data found for application number MUT230727129634
ERROR:root:No data found for application number MUT230727129634
ERROR:root:No data found for application number MUT230727129634
ERROR:root:No data found for application number MUT230727129634
ERROR:root:No data found for application number MUT230727129634
ERROR:root:No data found for application number MUT230727129634
ERROR:root:No data found for application number MUT230727129634
ERROR:root:No data found for application number MUT230727129634
ERROR:root:No data found for application number MUT230727129634
ERROR:root:No data found for application number MUT230727129634
ERROR:root:No data found for application number MUT230727129634
ERROR:root:No data found for application number MUT230727129634
ERROR:root:No data found for application number MUT230727129634
ERROR:root:No data found for application number MUT230727129634
ERROR:root:No data found for application number MUT230727129634
ERROR:root:No data found for application number MUT230727129634
ERROR:root:No data found for application number MUT230727129634
ERROR:root:No data found for application number MUT230727129634
ERROR:root:No data found for application number MUT230727129634
ERROR:root:No data found for application number MUT230727129634
ERROR:root:No data found for application number MUT230727129634
ERROR:root:No data found for application number MUT230727129634
ERROR:root:No data found for application number MUT230727129634
ERROR:root:No data found for application number MUT230727129634
ERROR:root:No data found for application number MUT230727129634
ERROR:root:No data found for application number MUT230727129634
ERROR:root:No data found for application number MUT230728060646
ERROR:root:No data found for application number MUT230728060646
ERROR:root:No data found for application number MUT230728060646
ERROR:root:No data found for application number MUT230728060646
ERROR:root:No data found for application number MUT230728060646
ERROR:root:No data found for application number MUT230728060646
ERROR:root:No data found for application number MUT230728060646
ERROR:root:No data found for application number MUT230728060646
ERROR:root:No data found for application number MUT230728060646
ERROR:root:No data found for application number MUT230728060646
ERROR:root:No data found for application number MUT230728060646
ERROR:root:No data found for application number MUT230728060646
ERROR:root:No data found for application number MUT230728060646
ERROR:root:No data found for application number MUT230728060646
ERROR:root:No data found for application number MUT230728060646
ERROR:root:No data found for application number MUT230728060646
ERROR:root:No data found for application number MUT230728060646
ERROR:root:No data found for application number MUT230728060646
ERROR:root:No data found for application number MUT230728060646
ERROR:root:No data found for application number MUT230728060646
ERROR:root:No data found for application number MUT230728060646
ERROR:root:No data found for application number MUT230728060646
ERROR:root:No data found for application number MUT230728060646
ERROR:root:No data found for application number MUT230728060646
ERROR:root:No data found for application number MUT230728060646
ERROR:root:No data found for application number MUT230728060646
ERROR:root:No data found for application number MUT230728060646
ERROR:root:No data found for application number MUT230728060646
ERROR:root:No data found for application number MUT230728060646
ERROR:root:No data found for application number MUT230728060646
ERROR:root:No data found for application number MUT230728060646
ERROR:root:No data found for application number MUT230728060646
ERROR:root:No data found for application number MUT230728060646
ERROR:root:No data found for application number MUT230728060646
ERROR:root:No data found for application number MUT230728060646
ERROR:root:No data found for application number MUT230728060646
ERROR:root:No data found for application number MUT230728060646
ERROR:root:No data found for application number MUT230728060646
ERROR:root:No data found for application number MUT230728060646
ERROR:root:No data found for application number MUT230728060646
ERROR:root:No data found for application number MUT230728060646
ERROR:root:No data found for application number MUT230728060646
ERROR:root:No data found for application number MUT230728060646
ERROR:root:No data found for application number MUT230728060646
ERROR:root:No data found for application number MUT230728060646
ERROR:root:No data found for application number MUT230728060646
ERROR:root:No data found for application number MUT230728060646
ERROR:root:No data found for application number MUT230728060646
ERROR:root:No data found for application number MUT230728060646
ERROR:root:No data found for application number MUT230728060646
ERROR:root:No data found for application number MUT230728060646
ERROR:root:No data found for application number MUT230728060646
ERROR:root:No data found for application number MUT230807124794
ERROR:root:No data found for application number MUT230807124794
ERROR:root:No data found for application number MUT230807124794
ERROR:root:No data found for application number MUT230807124794
ERROR:root:No data found for application number MUT230807124794
ERROR:root:No data found for application number MUT230807124794
ERROR:root:No data found for application number MUT230807124794
ERROR:root:No data found for application number MUT230807124794
ERROR:root:No data found for application number MUT230807124794
ERROR:root:No data found for application number MUT230807124794
ERROR:root:No data found for application number MUT230807124794
ERROR:root:No data found for application number MUT230807124794
ERROR:root:No data found for application number MUT230807124794
ERROR:root:No data found for application number MUT230807124794
ERROR:root:No data found for application number MUT230807124794
ERROR:root:No data found for application number MUT230807124794
ERROR:root:No data found for application number MUT230807124794
ERROR:root:No data found for application number MUT230807124794
ERROR:root:No data found for application number MUT230807124794
ERROR:root:No data found for application number MUT230807124794
ERROR:root:No data found for application number MUT230807124794
ERROR:root:No data found for application number MUT230807124794
ERROR:root:No data found for application number MUT230807124794
ERROR:root:No data found for application number MUT230807124794
ERROR:root:No data found for application number MUT230807124794
ERROR:root:No data found for application number MUT230807124794
ERROR:root:No data found for application number MUT230807124794
ERROR:root:No data found for application number MUT230807124794
ERROR:root:No data found for application number MUT230807124794
ERROR:root:No data found for application number MUT230807124794
ERROR:root:No data found for application number MUT230807124794
ERROR:root:No data found for application number MUT230807124794
ERROR:root:No data found for application number MUT230807124794
ERROR:root:No data found for application number MUT230807124794
ERROR:root:No data found for application number MUT230807124794
ERROR:root:No data found for application number MUT230807124794
ERROR:root:No data found for application number MUT230807124794
ERROR:root:No data found for application number MUT230807124794
ERROR:root:No data found for application number MUT230807124794
ERROR:root:No data found for application number MUT230807124794
ERROR:root:No data found for application number MUT230807124794
ERROR:root:No data found for application number MUT230807124794
ERROR:root:No data found for application number MUT230807124794
ERROR:root:No data found for application number MUT230807124794
ERROR:root:No data found for application number MUT230807124794
ERROR:root:No data found for application number MUT230807124794
ERROR:root:No data found for application number MUT230807124794
ERROR:root:No data found for application number MUT230807124794
ERROR:root:No data found for application number MUT230807124794
ERROR:root:No data found for application number MUT230807124794
ERROR:root:No data found for application number MUT230807124794
ERROR:root:No data found for application number MUT230807124794
ERROR:root:No data found for application number MUT230814080859
ERROR:root:No data found for application number MUT230814080859
ERROR:root:No data found for application number MUT230814080859
ERROR:root:No data found for application number MUT230814080859
ERROR:root:No data found for application number MUT230814080859
ERROR:root:No data found for application number MUT230814080859
ERROR:root:No data found for application number MUT230814080859
ERROR:root:No data found for application number MUT230814080859
ERROR:root:No data found for application number MUT230814080859
ERROR:root:No data found for application number MUT230814080859
ERROR:root:No data found for application number MUT230814080859
ERROR:root:No data found for application number MUT230814080859
ERROR:root:No data found for application number MUT230814080859
ERROR:root:No data found for application number MUT230814080859
ERROR:root:No data found for application number MUT230814080859
ERROR:root:No data found for application number MUT230814080859
ERROR:root:No data found for application number MUT230814080859
ERROR:root:No data found for application number MUT230814080859
ERROR:root:No data found for application number MUT230814080859
ERROR:root:No data found for application number MUT230814080859
ERROR:root:No data found for application number MUT230814080859
ERROR:root:No data found for application number MUT230814080859
ERROR:root:No data found for application number MUT230814080859
ERROR:root:No data found for application number MUT230814080859
ERROR:root:No data found for application number MUT230814080859
ERROR:root:No data found for application number MUT230814080859
ERROR:root:No data found for application number MUT230819127764
ERROR:root:No data found for application number MUT230819127764
ERROR:root:No data found for application number MUT230819127764
ERROR:root:No data found for application number MUT230819127764
ERROR:root:No data found for application number MUT230819127764
ERROR:root:No data found for application number MUT230819127764
ERROR:root:No data found for application number MUT230819127764
ERROR:root:No data found for application number MUT230819127764
ERROR:root:No data found for application number MUT230819127764
ERROR:root:No data found for application number MUT230819127764
ERROR:root:No data found for application number MUT230819127764
ERROR:root:No data found for application number MUT230819127764
ERROR:root:No data found for application number MUT230819127764
ERROR:root:No data found for application number MUT230819127764
ERROR:root:No data found for application number MUT230819127764
ERROR:root:No data found for application number MUT230819127764
ERROR:root:No data found for application number MUT230819127764
ERROR:root:No data found for application number MUT230819127764
ERROR:root:No data found for application number MUT230819127764
ERROR:root:No data found for application number MUT230819127764
ERROR:root:No data found for application number MUT230819127764
ERROR:root:No data found for application number MUT230819127764
ERROR:root:No data found for application number MUT230819127764
ERROR:root:No data found for application number MUT230819127764
ERROR:root:No data found for application number MUT230819127764
ERROR:root:No data found for application number MUT230819127764
ERROR:root:No data found for application number MUT230823058688
ERROR:root:No data found for application number MUT230823058688
ERROR:root:No data found for application number MUT230823058688
ERROR:root:No data found for application number MUT230823058688
ERROR:root:No data found for application number MUT230823058688
ERROR:root:No data found for application number MUT230823058688
ERROR:root:No data found for application number MUT230823058688
ERROR:root:No data found for application number MUT230823058688
ERROR:root:No data found for application number MUT230823058688
ERROR:root:No data found for application number MUT230823058688
ERROR:root:No data found for application number MUT230823058688
ERROR:root:No data found for application number MUT230823058688
ERROR:root:No data found for application number MUT230823058688
ERROR:root:No data found for application number MUT230823058688
ERROR:root:No data found for application number MUT230823058688
ERROR:root:No data found for application number MUT230823058688
ERROR:root:No data found for application number MUT230823058688
ERROR:root:No data found for application number MUT230823058688
ERROR:root:No data found for application number MUT230823058688
ERROR:root:No data found for application number MUT230823058688
ERROR:root:No data found for application number MUT230823058688
ERROR:root:No data found for application number MUT230823058688
ERROR:root:No data found for application number MUT230823058688
ERROR:root:No data found for application number MUT230823058688
ERROR:root:No data found for application number MUT230823058688
ERROR:root:No data found for application number MUT230823058688
ERROR:root:No data found for application number MUT230823058688
ERROR:root:No data found for application number MUT230823058688
ERROR:root:No data found for application number MUT230823058688
ERROR:root:No data found for application number MUT230823058688
ERROR:root:No data found for application number MUT230823058688
ERROR:root:No data found for application number MUT230823058688
ERROR:root:No data found for application number MUT230823058688
ERROR:root:No data found for application number MUT230823058688
ERROR:root:No data found for application number MUT230823058688
ERROR:root:No data found for application number MUT230823058688
ERROR:root:No data found for application number MUT230823058688
ERROR:root:No data found for application number MUT230823058688
ERROR:root:No data found for application number MUT230823058688
ERROR:root:No data found for application number MUT230823058688
ERROR:root:No data found for application number MUT230823058688
ERROR:root:No data found for application number MUT230823058688
ERROR:root:No data found for application number MUT230823058688
ERROR:root:No data found for application number MUT230823058688
ERROR:root:No data found for application number MUT230823058688
ERROR:root:No data found for application number MUT230823058688
ERROR:root:No data found for application number MUT230823058688
ERROR:root:No data found for application number MUT230823058688
ERROR:root:No data found for application number MUT230823058688
ERROR:root:No data found for application number MUT230823058688
ERROR:root:No data found for application number MUT230823058688
ERROR:root:No data found for application number MUT230823058688
ERROR:root:No data found for application number MUT230823211659
ERROR:root:No data found for application number MUT230823211659
ERROR:root:No data found for application number MUT230823211659
ERROR:root:No data found for application number MUT230823211659
ERROR:root:No data found for application number MUT230823211659
ERROR:root:No data found for application number MUT230823211659
ERROR:root:No data found for application number MUT230823211659
ERROR:root:No data found for application number MUT230823211659
ERROR:root:No data found for application number MUT230823211659
ERROR:root:No data found for application number MUT230823211659
ERROR:root:No data found for application number MUT230823211659
ERROR:root:No data found for application number MUT230823211659
ERROR:root:No data found for application number MUT230823211659
ERROR:root:No data found for application number MUT230823211659
ERROR:root:No data found for application number MUT230823211659
ERROR:root:No data found for application number MUT230823211659
ERROR:root:No data found for application number MUT230823211659
ERROR:root:No data found for application number MUT230823211659
ERROR:root:No data found for application number MUT230823211659
ERROR:root:No data found for application number MUT230823211659
ERROR:root:No data found for application number MUT230823211659
ERROR:root:No data found for application number MUT230823211659
ERROR:root:No data found for application number MUT230823211659
ERROR:root:No data found for application number MUT230823211659
ERROR:root:No data found for application number MUT230823211659
ERROR:root:No data found for application number MUT230823211659
ERROR:root:No data found for application number MUT230823211659
ERROR:root:No data found for application number MUT230823211659
ERROR:root:No data found for application number MUT230823211659
ERROR:root:No data found for application number MUT230823211659
ERROR:root:No data found for application number MUT230823211659
ERROR:root:No data found for application number MUT230823211659
ERROR:root:No data found for application number MUT230823211659
ERROR:root:No data found for application number MUT230823211659
ERROR:root:No data found for application number MUT230823211659
ERROR:root:No data found for application number MUT230823211659
ERROR:root:No data found for application number MUT230823211659
ERROR:root:No data found for application number MUT230823211659
ERROR:root:No data found for application number MUT230823211659
ERROR:root:No data found for application number MUT230823211659
ERROR:root:No data found for application number MUT230823211659
ERROR:root:No data found for application number MUT230823211659
ERROR:root:No data found for application number MUT230823211659
ERROR:root:No data found for application number MUT230823211659
ERROR:root:No data found for application number MUT230823211659
ERROR:root:No data found for application number MUT230823211659
ERROR:root:No data found for application number MUT230823211659
ERROR:root:No data found for application number MUT230823211659
ERROR:root:No data found for application number MUT230823211659
ERROR:root:No data found for application number MUT230823211659
ERROR:root:No data found for application number MUT230823211659
ERROR:root:No data found for application number MUT230823211659
ERROR:root:No data found for application number MUT230824118280
ERROR:root:No data found for application number MUT230824118280
ERROR:root:No data found for application number MUT230824118280
ERROR:root:No data found for application number MUT230824118280
ERROR:root:No data found for application number MUT230824118280
ERROR:root:No data found for application number MUT230824118280
ERROR:root:No data found for application number MUT230824118280
ERROR:root:No data found for application number MUT230824118280
ERROR:root:No data found for application number MUT230824118280
ERROR:root:No data found for application number MUT230824118280
ERROR:root:No data found for application number MUT230824118280
ERROR:root:No data found for application number MUT230824118280
ERROR:root:No data found for application number MUT230824118280
ERROR:root:No data found for application number MUT230824118280
ERROR:root:No data found for application number MUT230824118280
ERROR:root:No data found for application number MUT230824118280
ERROR:root:No data found for application number MUT230824118280
ERROR:root:No data found for application number MUT230824118280
ERROR:root:No data found for application number MUT230824118280
ERROR:root:No data found for application number MUT230824118280
ERROR:root:No data found for application number MUT230824118280
ERROR:root:No data found for application number MUT230824118280
ERROR:root:No data found for application number MUT230824118280
ERROR:root:No data found for application number MUT230824118280
ERROR:root:No data found for application number MUT230824118280
ERROR:root:No data found for application number MUT230824118280
ERROR:root:No data found for application number MUT230824118280
ERROR:root:No data found for application number MUT230824118280
ERROR:root:No data found for application number MUT230824118280
ERROR:root:No data found for application number MUT230824118280
ERROR:root:No data found for application number MUT230824118280
ERROR:root:No data found for application number MUT230824118280
ERROR:root:No data found for application number MUT230824118280
ERROR:root:No data found for application number MUT230824118280
ERROR:root:No data found for application number MUT230824118280
ERROR:root:No data found for application number MUT230824118280
ERROR:root:No data found for application number MUT230824118280
ERROR:root:No data found for application number MUT230824118280
ERROR:root:No data found for application number MUT230824118280
ERROR:root:No data found for application number MUT230824118280
ERROR:root:No data found for application number MUT230824118280
ERROR:root:No data found for application number MUT230824118280
ERROR:root:No data found for application number MUT230824118280
ERROR:root:No data found for application number MUT230824118280
ERROR:root:No data found for application number MUT230824118280
ERROR:root:No data found for application number MUT230824118280
ERROR:root:No data found for application number MUT230824118280
ERROR:root:No data found for application number MUT230824118280
ERROR:root:No data found for application number MUT230824118280
ERROR:root:No data found for application number MUT230824118280
ERROR:root:No data found for application number MUT230824118280
ERROR:root:No data found for application number MUT230824118280
ERROR:root:No data found for application number MUT230828019983
ERROR:root:No data found for application number MUT230828019983
ERROR:root:No data found for application number MUT230828019983
ERROR:root:No data found for application number MUT230828019983
ERROR:root:No data found for application number MUT230828019983
ERROR:root:No data found for application number MUT230828019983
ERROR:root:No data found for application number MUT230828019983
ERROR:root:No data found for application number MUT230828019983
ERROR:root:No data found for application number MUT230828019983
ERROR:root:No data found for application number MUT230828019983
ERROR:root:No data found for application number MUT230828019983
ERROR:root:No data found for application number MUT230828019983
ERROR:root:No data found for application number MUT230828019983
ERROR:root:No data found for application number MUT230828019983
ERROR:root:No data found for application number MUT230828019983
ERROR:root:No data found for application number MUT230828019983
ERROR:root:No data found for application number MUT230828019983
ERROR:root:No data found for application number MUT230828019983
ERROR:root:No data found for application number MUT230828019983
ERROR:root:No data found for application number MUT230828019983
ERROR:root:No data found for application number MUT230828019983
ERROR:root:No data found for application number MUT230828019983
ERROR:root:No data found for application number MUT230828019983
ERROR:root:No data found for application number MUT230828019983
ERROR:root:No data found for application number MUT230828019983
ERROR:root:No data found for application number MUT230828019983
ERROR:root:No data found for application number MUT221202036690
ERROR:root:No data found for application number MUT221202036690
ERROR:root:No data found for application number MUT221202036690
ERROR:root:No data found for application number MUT221202036690
ERROR:root:No data found for application number MUT221202036690
ERROR:root:No data found for application number MUT221202036690
ERROR:root:No data found for application number MUT221202036690
ERROR:root:No data found for application number MUT221202036690
ERROR:root:No data found for application number MUT221202036690
ERROR:root:No data found for application number MUT221202036690
ERROR:root:No data found for application number MUT221202036690
ERROR:root:No data found for application number MUT221202036690
ERROR:root:No data found for application number MUT221202036690
ERROR:root:No data found for application number MUT221202036690
ERROR:root:No data found for application number MUT221202036690
ERROR:root:No data found for application number MUT221202036690
ERROR:root:No data found for application number MUT221202036690
ERROR:root:No data found for application number MUT221202036690
ERROR:root:No data found for application number MUT221202036690
ERROR:root:No data found for application number MUT221202036690
ERROR:root:No data found for application number MUT221202036690
ERROR:root:No data found for application number MUT221202036690
ERROR:root:No data found for application number MUT221202036690
ERROR:root:No data found for application number MUT221202036690
ERROR:root:No data found for application number MUT221202036690
ERROR:root:No data found for application number MUT221202036690
ERROR:root:No data found for application number MUT221202036690
ERROR:root:No data found for application number MUT221202036690
ERROR:root:No data found for application number MUT221202036690
ERROR:root:No data found for application number MUT221202036690
ERROR:root:No data found for application number MUT221202036690
ERROR:root:No data found for application number MUT221202036690
ERROR:root:No data found for application number MUT221202036690
ERROR:root:No data found for application number MUT221202036690
ERROR:root:No data found for application number MUT221202036690
ERROR:root:No data found for application number MUT221202036690
ERROR:root:No data found for application number MUT221202036690
ERROR:root:No data found for application number MUT221202036690
ERROR:root:No data found for application number MUT221202036690
ERROR:root:No data found for application number MUT221202036690
ERROR:root:No data found for application number MUT221202036690
ERROR:root:No data found for application number MUT221202036690
ERROR:root:No data found for application number MUT221202036690
ERROR:root:No data found for application number MUT221202036690
ERROR:root:No data found for application number MUT221202036690
ERROR:root:No data found for application number MUT221202036690
ERROR:root:No data found for application number MUT221202036690
ERROR:root:No data found for application number MUT221202036690
ERROR:root:No data found for application number MUT221202036690
ERROR:root:No data found for application number MUT221202036690
INFO:werkzeug:127.0.0.1 - - [13/Oct/2023 15:35:05] "POST /upload HTTP/1.1" 200 -
INFO:werkzeug:[31m[1mWARNING: This is a development server. Do not use it in a production deployment. Use a production WSGI server instead.[0m
 * Running on http://127.0.0.1:5000
INFO:werkzeug:[33mPress CTRL+C to quit[0m
INFO:werkzeug: * Restarting with stat
WARNING:werkzeug: * Debugger is active!
INFO:werkzeug: * Debugger PIN: 134-963-173
